
> @rayhealth/mobile@1.0.0 build
> expo export

React Compiler enabled
Starting Metro Bundler
iOS Bundled 1632ms node_modules/expo-router/entry.js (921 modules)
Android Bundled 2487ms node_modules/expo-router/entry.js (989 modules)
Static rendering is enabled. Learn more: https://docs.expo.dev/router/reference/static-rendering/
Web Bundled 410ms node_modules/expo-router/entry.js (376 modules)
λ Bundled 418ms node_modules/expo-router/node/render.js (855 modules)

› ios bundles (1):
_expo/static/js/ios/entry-fb6d682b018bd3d95322543d4f0dd706.hbc (2.63 MB)

› android bundles (1):
_expo/static/js/android/entry-deeccc6424ef82d3156f12d641152c99.hbc (2.62 MB)

› web bundles (1):
_expo/static/js/web/entry-c1b11a1edc03677ee93c8d0b4fc7f163.js (1.09 MB)

› Static routes (9):
/ (index) (17.2 kB)
/login (17.2 kB)
/modal (17.2 kB)
/clockin (17.2 kB)
/_sitemap (17.2 kB)
/dashboard (17.2 kB)
/+not-found (17.2 kB)
/(tabs)/clockin (17.2 kB)
/(tabs)/dashboard (17.2 kB)

Exported: dist
